Arguments: 
  C:\Program Files\nodejs\node.exe C:\Program Files (x86)\Yarn\bin\yarn.js add tmp

PATH: 
  C:\Program Files (x86)\Microsoft\Edge\Application;C:\Program Files\Cubemos\SkeletonTracking\bin;C:\Program Files (x86)\Common Files\Intel\Shared Libraries\redist\intel64_win\compiler;C:\Program Files (x86)\Common Files\Intel\Shared Libraries\redist\intel64\compiler;C:\Windows\system32;C:\Windows;C:\Windows\System32\Wbem;C:\Windows\System32\WindowsPowerShell\v1.0\;C:\Windows\System32\OpenSSH\;C:\Program Files (x86)\NVIDIA Corporation\PhysX\Common;C:\Program Files\PuTTY\;C:\Program Files\Git\cmd;C:\Program Files\Microsoft SQL Server\120\Tools\Binn\;C:\Program Files\Common Files\Autodesk Shared\;C:\Program Files (x86)\Yarn\bin\;C:\WINDOWS\system32;C:\WINDOWS;C:\WINDOWS\System32\Wbem;C:\WINDOWS\System32\WindowsPowerShell\v1.0\;C:\WINDOWS\System32\OpenSSH\;C:\jdk-15.0.1\bin;C:\gradle-6.7.1-all\gradle-6.7.1\bin;C:\Program Files\CMake\bin;C:\Program Files\nodejs\;C:\ProgramData\chocolatey\bin;C:\Program Files\Graphviz\bin;C:\Program Files\OpenNI\Bin64;C:\Program Files\Docker\Docker\resources\bin;C:\ProgramData\DockerDesktop\version-bin;C:\Users\TreySmith\AppData\Local\Microsoft\WindowsApps;C:\Users\TreySmith\AppData\Local\Programs\Microsoft VS Code\bin;C:\Users\TreySmith\AppData\Local\GitHubDesktop\bin;C:\Program Files\JetBrains\IntelliJ IDEA Community Edition 2020.1.2\bin;;C:\Users\TreySmith\AppData\Local\Yarn\bin;C:\Users\TreySmith\AppData\Local\Microsoft\WindowsApps;C:\Program Files\7-Zip;C:\Program Files (x86)\GitHub CLI\;C:\Users\TreySmith\AppData\Local\Programs\Python\Python39;C:\Users\TreySmith\AppData\Roaming\npm

Yarn version: 
  1.22.5

Node version: 
  14.17.1

Platform: 
  win32 x64

Trace: 
  SyntaxError: C:\Users\TreySmith\Documents\GitHub\Pdf2Png\package.json: Unexpected token } in JSON at position 280
      at JSON.parse (<anonymous>)
      at C:\Program Files (x86)\Yarn\lib\cli.js:1625:59
      at Generator.next (<anonymous>)
      at step (C:\Program Files (x86)\Yarn\lib\cli.js:310:30)
      at C:\Program Files (x86)\Yarn\lib\cli.js:321:13

npm manifest: 
  {
    "name": "pdf2png-mp",
    "version": "0.6.0",
    "description": "Takes a PDF-document and converts and delivers a PNG (Typescript Support)",
    "main": "dist/pdf2png.js",
    "types": "dist/index.d.ts",
    "dependencies": {
      "axios": "^0.21.4",
      "pdf_page_count": "^1.0.10",
    },
    "repository": {
      "type": "git",
      "url": "git@github.com:tr3ysmith/Pdf2Png.git"
    },
    "homepage": "https://github.com/tr3ysmith/Pdf2Png",
    "bugs": {
      "url": "https://github.com/tr3ysmith/Pdf2Png/issues"
    },
    "maintainers": [
      "tr3ysmith"
    ],
    "devDependencies": {
      "@types/axios": "^0.14.0",
      "@types/node": "^16.9.1",
      "@types/tmp": "^0.2.1",
      "typescript": "^4.4.3"
    },
    "scripts": {
      "build": "tsc",
      "watch": "tsc -w",
      "prepare": "npm run build",
      "test": "echo \"Error: no test specified\" && exit 1"
    },
    "keywords": [
      "convert",
      "pdf",
      "to",
      "png",
      "image"
    ],
    "author": "tr3ysmith",
    "license": "MIT"
  }

yarn manifest: 
  No manifest

Lockfile: 
  # THIS IS AN AUTOGENERATED FILE. DO NOT EDIT THIS FILE DIRECTLY.
  # yarn lockfile v1
  
  
  "@types/axios@^0.14.0":
    version "0.14.0"
    resolved "https://registry.yarnpkg.com/@types/axios/-/axios-0.14.0.tgz#ec2300fbe7d7dddd7eb9d3abf87999964cafce46"
    integrity sha1-7CMA++fX3d1+udOr+HmZlkyvzkY=
    dependencies:
      axios "*"
  
  "@types/node@^16.9.1":
    version "16.9.1"
    resolved "https://registry.yarnpkg.com/@types/node/-/node-16.9.1.tgz#0611b37db4246c937feef529ddcc018cf8e35708"
    integrity sha512-QpLcX9ZSsq3YYUUnD3nFDY8H7wctAhQj/TFKL8Ya8v5fMm3CFXxo8zStsLAl780ltoYoo1WvKUVGBQK+1ifr7g==
  
  "@types/tmp@^0.2.1":
    version "0.2.1"
    resolved "https://registry.yarnpkg.com/@types/tmp/-/tmp-0.2.1.tgz#83ecf4ec22a8c218c71db25f316619fe5b986011"
    integrity sha512-7cTXwKP/HLOPVgjg+YhBdQ7bMiobGMuoBmrGmqwIWJv8elC6t1DfVc/mn4fD9UE1IjhwmhaQ5pGVXkmXbH0rhg==
  
  axios@*, axios@^0.21.4:
    version "0.21.4"
    resolved "https://registry.yarnpkg.com/axios/-/axios-0.21.4.tgz#c67b90dc0568e5c1cf2b0b858c43ba28e2eda575"
    integrity sha512-ut5vewkiu8jjGBdqpM44XxjuCjq9LAKeHVmoVfHVzy8eHgxxq8SbAVQNovDA8mVi05kP0Ea/n/UzcSHcTJQfNg==
    dependencies:
      follow-redirects "^1.14.0"
  
  filesource@latest:
    version "1.0.7"
    resolved "https://registry.yarnpkg.com/filesource/-/filesource-1.0.7.tgz#25d41e3b54ace4f8e79b40518101aa92d9d374c5"
    integrity sha1-JdQeO1Ss5Pjnm0BRgQGqktnTdMU=
    dependencies:
      tmp "0.0.23"
  
  follow-redirects@^1.14.0:
    version "1.14.4"
    resolved "https://registry.yarnpkg.com/follow-redirects/-/follow-redirects-1.14.4.tgz#838fdf48a8bbdd79e52ee51fb1c94e3ed98b9379"
    integrity sha512-zwGkiSXC1MUJG/qmeIFH2HBJx9u0V46QGUe3YR1fXG8bXQxq7fLj0RjLZQ5nubr9qNJUZrH+xUcwXEoXNpfS+g==
  
  pdf_page_count@^1.0.10:
    version "1.0.10"
    resolved "https://registry.yarnpkg.com/pdf_page_count/-/pdf_page_count-1.0.10.tgz#54ed8a03bb7a48a217e629b60a598eed1391ac12"
    integrity sha1-VO2KA7t6SKIX5im2ClmO7RORrBI=
    dependencies:
      filesource latest
  
  tmp@0.0.23:
    version "0.0.23"
    resolved "https://registry.yarnpkg.com/tmp/-/tmp-0.0.23.tgz#de874aa5e974a85f0a32cdfdbd74663cb3bd9c74"
    integrity sha1-3odKpel0qF8KMs39vXRmPLO9nHQ=
  
  typescript@^4.4.3:
    version "4.4.3"
    resolved "https://registry.yarnpkg.com/typescript/-/typescript-4.4.3.tgz#bdc5407caa2b109efd4f82fe130656f977a29324"
    integrity sha512-4xfscpisVgqqDfPaJo5vkd+Qd/ItkoagnHpufr+i2QCHBsNYp+G7UAoyFl8aPtx879u38wPV65rZ8qbGZijalA==
